PLINK v1.9.0-b.7.7 64-bit (22 Oct 2024)
Options in effect:
  --bfile Qatari156_filtered_pruned
  --out input
  --recode

Hostname: DESKTOP-G2VOJQD
Working directory: D:\programming\Bioinformatics\Bio-Informatics-Labs\Final Project\Dataset\Dataset of 156 Qataris
Start time: Sat May 17 14:11:45 2025

Random number seed: 1747480305
8097 MB RAM detected; reserving 4048 MB for main workspace.
67735 variants loaded from .bim file.
156 people (49 males, 107 females) loaded from .fam.
Using 1 thread (no multithreaded calculations invoked).
Before main variant filters, 156 founders and 0 nonfounders present.
Calculating allele frequencies... done.
Warning: 1388 het. haploid genotypes present (see input.hh ); many commands
treat these as missing.
Total genotyping rate is 0.998816.
67735 variants and 156 people pass filters and QC.
Note: No phenotypes present.
--recode ped to input.ped + input.map ... done.

End time: Sat May 17 14:11:45 2025
