PLINK v1.9.0-b.7.7 64-bit (22 Oct 2024)
Options in effect:
  --bfile top20_SNPs
  --out top20_SNPs_vcf
  --recode vcf

Hostname: omar-aldawy-ASUS-TUF-Dash-F15-FX516PM-FX516PM
Working directory: /home/omar-aldawy/University/Third year/second semester/Bio-Informatics/Labs/Bio-Informatics-Labs/Final Project/Dataset
Start time: Mon May 19 16:16:31 2025

Random number seed: 1747660591
15685 MB RAM detected; reserving 7842 MB for main workspace.
20 variants loaded from .bim file.
156 people (49 males, 107 females) loaded from .fam.
Using 1 thread (no multithreaded calculations invoked).
Before main variant filters, 156 founders and 0 nonfounders present.
Calculating allele frequencies... done.
Total genotyping rate is 0.998718.
20 variants and 156 people pass filters and QC.
Note: No phenotypes present.
Warning: Underscore(s) present in sample IDs.
--recode vcf to top20_SNPs_vcf.vcf ... done.

End time: Mon May 19 16:16:31 2025
