PLINK v1.9.0-b.7.7 64-bit (22 Oct 2024)
Options in effect:
  --extract snps_list.txt
  --file input
  --make-bed
  --out top20_SNPs

Hostname: omar-aldawy-ASUS-TUF-Dash-F15-FX516PM-FX516PM
Working directory: /home/omar-aldawy/University/Third year/second semester/Bio-Informatics/Labs/Bio-Informatics-Labs/Final Project/Dataset
Start time: Mon May 19 16:14:55 2025

Random number seed: 1747660495
15685 MB RAM detected; reserving 7842 MB for main workspace.
Scanning .ped file... done.
Performing single-pass .bed write (67735 variants, 156 people).
--file: top20_SNPs-temporary.bed + top20_SNPs-temporary.bim +
top20_SNPs-temporary.fam written.
67735 variants loaded from .bim file.
156 people (49 males, 107 females) loaded from .fam.
--extract: 20 variants remaining.
Using 1 thread (no multithreaded calculations invoked).
Before main variant filters, 156 founders and 0 nonfounders present.
Calculating allele frequencies... done.
Total genotyping rate is 0.998718.
20 variants and 156 people pass filters and QC.
Note: No phenotypes present.
--make-bed to top20_SNPs.bed + top20_SNPs.bim + top20_SNPs.fam ... done.

End time: Mon May 19 16:14:56 2025
